<?xml version="1.0" encoding="UTF-8"?>
<testsuite xmlns:xsi="http://www.w3.org/2001/XMLSchema-instance" xsi:noNamespaceSchemaLocation="https://maven.apache.org/surefire/maven-surefire-plugin/xsd/surefire-test-report-3.0.xsd" version="3.0" name="com.fintechedge.payflex.MemeberApplicationTests" time="16.049" tests="1" errors="0" skipped="0" failures="0">
  <properties>
[...]
</properties>
  <testcase name="contextLoads" classname="com.fintechedge.payflex.MemeberApplicationTests" time="1.176">
    <system-out><![CDATA[15:44:52.800 [main] INFO org.springframework.test.context.support.AnnotationConfigContextLoaderUtils -- Could not detect default configuration classes for test class [com.fintechedge.payflex.MemeberApplicationTests]: MemeberApplicationTests does not declare any static, non-private, non-final, nested classes annotated with @Configuration.
15:44:53.049 [main] INFO org.springframework.boot.test.context.SpringBootTestContextBootstrapper -- Found @SpringBootConfiguration com.fintechedge.payflex.MemeberApplication for test class com.fintechedge.payflex.MemeberApplicationTests

  .   ____          _            __ _ _
 /\\ / ___'_ __ _ _(_)_ __  __ _ \ \ \ \
( ( )\___ | '_ | '_| | '_ \/ _` | \ \ \ \
 \\/  ___)| |_)| | | | | || (_| |  ) ) ) )
  '  |____| .__|_| |_|_| |_\__, | / / / /
 =========|_|==============|___/=/_/_/_/
 :: Spring Boot ::                (v3.1.2)

2024-01-09T15:44:54.063Z  INFO 16092 --- [           main] c.f.payflex.MemeberApplicationTests      : Starting MemeberApplicationTests using Java 17.0.9 with PID 16092 (started by HP in C:\Users\HP\Documents\GitHub\payflex-api\payflex-api-main\member)
2024-01-09T15:44:54.067Z  INFO 16092 --- [           main] c.f.payflex.MemeberApplicationTests      : No active profile set, falling back to 1 default profile: "default"
2024-01-09T15:44:55.901Z  INFO 16092 --- [           main] .s.d.r.c.RepositoryConfigurationDelegate : Multiple Spring Data modules found, entering strict repository configuration mode
2024-01-09T15:44:55.903Z  INFO 16092 --- [           main] .s.d.r.c.RepositoryConfigurationDelegate : Bootstrapping Spring Data R2DBC repositories in DEFAULT mode.
2024-01-09T15:44:56.135Z  INFO 16092 --- [           main] .s.d.r.c.RepositoryConfigurationDelegate : Finished Spring Data repository scanning in 225 ms. Found 4 R2DBC repository interfaces.
2024-01-09T15:44:57.009Z  INFO 16092 --- [           main] faultConfiguringBeanFactoryPostProcessor : No bean named 'errorChannel' has been explicitly defined. Therefore, a default PublishSubscribeChannel will be created.
2024-01-09T15:44:57.023Z  INFO 16092 --- [           main] faultConfiguringBeanFactoryPostProcessor : No bean named 'integrationHeaderChannelRegistry' has been explicitly defined. Therefore, a default DefaultHeaderChannelRegistry will be created.
2024-01-09T15:44:57.244Z  INFO 16092 --- [           main] o.s.cloud.context.scope.GenericScope     : BeanFactory id=2c424eea-2442-38db-b3d0-1ae2ed10b39e
2024-01-09T15:44:57.609Z  INFO 16092 --- [           main] trationDelegate$BeanPostProcessorChecker : Bean 'org.springframework.cloud.client.loadbalancer.reactive.LoadBalancerBeanPostProcessorAutoConfiguration' of type [org.springframework.cloud.client.loadbalancer.reactive.LoadBalancerBeanPostProcessorAutoConfiguration] is not eligible for getting processed by all BeanPostProcessors (for example: not eligible for auto-proxying)
2024-01-09T15:44:57.611Z  INFO 16092 --- [           main] trationDelegate$BeanPostProcessorChecker : Bean 'org.springframework.cloud.client.loadbalancer.reactive.LoadBalancerBeanPostProcessorAutoConfiguration$ReactorDeferringLoadBalancerFilterConfig' of type [org.springframework.cloud.client.loadbalancer.reactive.LoadBalancerBeanPostProcessorAutoConfiguration$ReactorDeferringLoadBalancerFilterConfig] is not eligible for getting processed by all BeanPostProcessors (for example: not eligible for auto-proxying)
2024-01-09T15:44:57.613Z  INFO 16092 --- [           main] trationDelegate$BeanPostProcessorChecker : Bean 'reactorDeferringLoadBalancerExchangeFilterFunction' of type [org.springframework.cloud.client.loadbalancer.reactive.DeferringLoadBalancerExchangeFilterFunction] is not eligible for getting processed by all BeanPostProcessors (for example: not eligible for auto-proxying)
2024-01-09T15:45:04.326Z  INFO 16092 --- [           main] o.f.c.internal.license.VersionPrinter    : Flyway Community Edition 9.14.1 by Redgate
2024-01-09T15:45:04.327Z  INFO 16092 --- [           main] o.f.c.internal.license.VersionPrinter    : See what's new here: https://flywaydb.org/documentation/learnmore/releaseNotes#9.14.1
2024-01-09T15:45:04.327Z  INFO 16092 --- [           main] o.f.c.internal.license.VersionPrinter    : 
2024-01-09T15:45:04.873Z  INFO 16092 --- [           main] o.f.c.i.database.base.BaseDatabaseType   : Database: jdbc:postgresql://localhost:5432/postgres (PostgreSQL 16.1)
2024-01-09T15:45:04.888Z  WARN 16092 --- [           main] o.f.c.internal.database.base.Database    : Flyway upgrade recommended: PostgreSQL 16.1 is newer than this version of Flyway and support has not been tested. The latest supported version of PostgreSQL is 15.
2024-01-09T15:45:04.963Z  INFO 16092 --- [           main] o.f.core.internal.command.DbValidate     : Successfully validated 4 migrations (execution time 00:00.055s)
2024-01-09T15:45:05.052Z  INFO 16092 --- [           main] o.f.core.internal.command.DbMigrate      : Current version of schema "member": 4
2024-01-09T15:45:05.053Z  INFO 16092 --- [           main] o.f.core.internal.command.DbMigrate      : Schema "member" is up to date. No migration necessary.
2024-01-09T15:45:05.396Z  INFO 16092 --- [           main] DiscoveryClientOptionalArgsConfiguration : Eureka HTTP Client uses RestTemplate.
2024-01-09T15:45:05.896Z  WARN 16092 --- [           main] iguration$LoadBalancerCaffeineWarnLogger : Spring Cloud LoadBalancer is currently working with the default cache. While this cache implementation is useful for development and tests, it's recommended to use Caffeine cache in production.You can switch to using Caffeine cache, by adding it and org.springframework.cache.caffeine.CaffeineCacheManager to the classpath.
2024-01-09T15:45:05.909Z  INFO 16092 --- [           main] o.s.b.a.e.web.EndpointLinksResolver      : Exposing 1 endpoint(s) beneath base path '/actuator'
2024-01-09T15:45:06.338Z  INFO 16092 --- [           main] o.s.i.endpoint.EventDrivenConsumer       : Adding {logging-channel-adapter:_org.springframework.integration.errorLogger} as a subscriber to the 'errorChannel' channel
2024-01-09T15:45:06.340Z  INFO 16092 --- [           main] o.s.i.channel.PublishSubscribeChannel    : Channel 'MEMBER-SERVICE.errorChannel' has 1 subscriber(s).
2024-01-09T15:45:06.341Z  INFO 16092 --- [           main] o.s.i.endpoint.EventDrivenConsumer       : started bean '_org.springframework.integration.errorLogger'
2024-01-09T15:45:06.368Z  INFO 16092 --- [           main] o.s.c.n.eureka.InstanceInfoFactory       : Setting initial instance status as: STARTING
2024-01-09T15:45:06.561Z  INFO 16092 --- [           main] com.netflix.discovery.DiscoveryClient    : Initializing Eureka in region us-east-1
2024-01-09T15:45:06.573Z  INFO 16092 --- [           main] c.n.d.s.r.aws.ConfigClusterResolver      : Resolving eureka endpoints via configuration
2024-01-09T15:45:06.617Z  INFO 16092 --- [           main] com.netflix.discovery.DiscoveryClient    : Disable delta property : false
2024-01-09T15:45:06.618Z  INFO 16092 --- [           main] com.netflix.discovery.DiscoveryClient    : Single vip registry refresh property : null
2024-01-09T15:45:06.618Z  INFO 16092 --- [           main] com.netflix.discovery.DiscoveryClient    : Force full registry fetch : false
2024-01-09T15:45:06.618Z  INFO 16092 --- [           main] com.netflix.discovery.DiscoveryClient    : Application is null : false
2024-01-09T15:45:06.618Z  INFO 16092 --- [           main] com.netflix.discovery.DiscoveryClient    : Registered Applications size is zero : true
2024-01-09T15:45:06.618Z  INFO 16092 --- [           main] com.netflix.discovery.DiscoveryClient    : Application version is -1: true
2024-01-09T15:45:06.619Z  INFO 16092 --- [           main] com.netflix.discovery.DiscoveryClient    : Getting all instance registry info from the eureka server
2024-01-09T15:45:07.299Z  INFO 16092 --- [           main] com.netflix.discovery.DiscoveryClient    : The response status is 200
2024-01-09T15:45:07.306Z  INFO 16092 --- [           main] com.netflix.discovery.DiscoveryClient    : Starting heartbeat executor: renew interval is: 30
2024-01-09T15:45:07.310Z  INFO 16092 --- [           main] c.n.discovery.InstanceInfoReplicator     : InstanceInfoReplicator onDemand update allowed rate per min is 4
2024-01-09T15:45:07.321Z  INFO 16092 --- [           main] com.netflix.discovery.DiscoveryClient    : Discovery Client initialized at timestamp 1704815107319 with initial instances count: 3
2024-01-09T15:45:07.325Z  INFO 16092 --- [           main] o.s.c.n.e.s.EurekaServiceRegistry        : Registering application MEMBER-SERVICE with eureka with status UP
2024-01-09T15:45:07.326Z  INFO 16092 --- [           main] com.netflix.discovery.DiscoveryClient    : Saw local status change event StatusChangeEvent [timestamp=1704815107325, current=UP, previous=STARTING]
2024-01-09T15:45:07.336Z  INFO 16092 --- [nfoReplicator-0] com.netflix.discovery.DiscoveryClient    : DiscoveryClient_MEMBER-SERVICE/DESKTOP-ER15SHA:MEMBER-SERVICE:8081: registering service...
2024-01-09T15:45:07.396Z  INFO 16092 --- [           main] c.f.payflex.MemeberApplicationTests      : Started MemeberApplicationTests in 14.047 seconds (process running for 15.652)
2024-01-09T15:45:07.413Z  INFO 16092 --- [nfoReplicator-0] com.netflix.discovery.DiscoveryClient    : DiscoveryClient_MEMBER-SERVICE/DESKTOP-ER15SHA:MEMBER-SERVICE:8081 - registration status: 204
]]></system-out>
  </testcase>
</testsuite>